<?xml version="1.0" encoding="UTF-8"?>
<!-- Generated by org.testng.reporters.JUnitReportReporter -->
<testsuite hostname="Kushis-MacBook-Pro.local" failures="0" tests="1" name="httprequests.GetAPITest" time="1.692" errors="0" timestamp="2024-07-01T12:37:29 IST" skipped="0">
  <testcase classname="httprequests.GetAPITest" name="testWeatherInLondon" time="1.692"/>
  <system-out/>
</testsuite> <!-- httprequests.GetAPITest -->
