<?xml version="1.0" encoding="UTF-8"?>
<!-- Generated by org.testng.reporters.JUnitReportReporter -->
<testsuite hostname="Kushis-MacBook-Pro.local" failures="0" tests="4" name="httprequests.httpq" time="3.091" errors="0" timestamp="2024-07-01T11:46:29 IST" skipped="0">
  <testcase classname="httprequests.httpq" name="getuser" time="1.382"/>
  <system-out/>
  <testcase classname="httprequests.httpq" name="createUser" time="0.607"/>
  <system-out/>
  <testcase classname="httprequests.httpq" name="updateUser" time="0.404"/>
  <system-out/>
  <testcase classname="httprequests.httpq" name="deleteuser" time="0.698"/>
  <system-out/>
</testsuite> <!-- httprequests.httpq -->
