<?xml version="1.0" encoding="UTF-8"?>
<!-- Generated by org.testng.reporters.JUnitReportReporter -->
<testsuite hostname="Kushis-MacBook-Pro.local" failures="0" tests="2" name="httprequests.alternative" time="3.674" errors="0" timestamp="2024-07-01T18:18:27 IST" skipped="0">
  <testcase classname="httprequests.alternative" name="postCityPopulation" time="1.483"/>
  <system-out/>
  <testcase classname="httprequests.alternative" name="checkSecond" time="2.191"/>
  <system-out/>
</testsuite> <!-- httprequests.alternative -->
