<?xml version="1.0" encoding="UTF-8"?>
<!-- Generated by org.testng.reporters.JUnitReportReporter -->
<testsuite hostname="Kushis-MacBook-Pro.local" failures="0" tests="1" name="httprequests.GetAPITest" time="2.100" errors="0" timestamp="2024-07-01T16:44:26 IST" skipped="0">
  <testcase classname="httprequests.GetAPITest" name="checkSecond" time="2.100"/>
  <system-out/>
</testsuite> <!-- httprequests.GetAPITest -->
