<?xml version="1.0" encoding="UTF-8"?>
<!-- Generated by org.testng.reporters.JUnitReportReporter -->
<testsuite hostname="Kushis-MacBook-Pro.local" failures="0" tests="1" name="httprequests.alternatemethod" time="2.769" errors="0" timestamp="2024-07-01T12:31:31 IST" skipped="0">
  <testcase classname="httprequests.alternatemethod" name="postCityPopulation" time="2.769"/>
  <system-out/>
</testsuite> <!-- httprequests.alternatemethod -->
