<?xml version="1.0" encoding="UTF-8"?>
<!-- Generated by org.testng.reporters.JUnitReportReporter -->
<testsuite hostname="Kushis-MacBook-Pro.local" failures="0" tests="2" name="httprequests.httpq$GetAPITest" time="3.544" errors="0" timestamp="2024-07-01T16:33:12 IST" skipped="0">
  <testcase classname="httprequests.httpq$GetAPITest" name="postCityPopulation" time="2.958"/>
  <system-out/>
  <testcase classname="httprequests.httpq$GetAPITest" name="testWeatherInLondon" time="0.586"/>
  <system-out/>
</testsuite> <!-- httprequests.httpq$GetAPITest -->
